Arguments: 
  C:\Program Files\nodejs\node.exe C:\Users\Lei\AppData\Roaming\npm\node_modules\yarn\bin\yarn.js install

PATH: 
  C:\MyApp\cmder\bin;C:\MyApp\cmder\vendor\git-for-windows\cmd;C:\MyApp\cmder\vendor\conemu-maximus5\ConEmu\Scripts;C:\MyApp\cmder\vendor\conemu-maximus5;C:\MyApp\cmder\vendor\conemu-maximus5\ConEmu;C:\Program Files (x86)\Common Files\Oracle\Java\javapath;C:\Windows\system32;C:\Windows;C:\Windows\System32\Wbem;C:\Windows\System32\WindowsPowerShell\v1.0\;C:\Program Files\Intel\WiFi\bin\;C:\Program Files\Common Files\Intel\WirelessCommon\;C:\Program Files (x86)\NVIDIA Corporation\PhysX\Common;C:\wamp64\bin\php\php7.0.10;C:\Program Files\nodejs\;C:\Program Files\Microsoft VS Code\bin;C:\WINDOWS\system32;C:\WINDOWS;C:\WINDOWS\System32\Wbem;C:\WINDOWS\System32\WindowsPowerShell\v1.0\;C:\WINDOWS\System32\OpenSSH\;C:\MyApp\mysql-5.6.40-winx64\bin;C:\Program Files\PuTTY\;C:\Users\Lei\AppData\Local\Programs\Python\Python36\Scripts\;C:\Users\Lei\AppData\Local\Programs\Python\Python36\;C:\Users\Lei\AppData\Local\Microsoft\WindowsApps;C:\Program Files\Intel\WiFi\bin\;C:\Program Files\Common Files\Intel\WirelessCommon\;C:\Program Files\Microsoft VS Code\bin;C:\Program Files\MySQL\MySQL Server 8.0\bin;C:\Users\Lei\AppData\Roaming\npm;C:\MyApp\cmder;C:\Program Files\MongoDB\Server\3.4\bin;C:\Users\Lei\AppData\Local\Programs\Microsoft VS Code\bin;C:\MyApp\cmder\vendor\git-for-windows\cmd;C:\MyApp\cmder\vendor\git-for-windows\mingw64;C:\MyApp\cmder\vendor\git-for-windows\usr\bin

Yarn version: 
  1.9.4

Node version: 
  10.3.0

Platform: 
  win32 x64

Trace: 
  Error: EPERM: operation not permitted, unlink 'E:\myCode\wechat\wepy\bishe\node_modules\node-sass\vendor\win32-x64-64\binding.node'

npm manifest: 
  {
    "name": "bishe",
    "version": "0.0.2",
    "description": "毕业设计",
    "main": "dist/app.js",
    "scripts": {
      "dev": "wepy build --watch",
      "build": "cross-env NODE_ENV=production wepy build --no-cache",
      "dev:web": "wepy build --output web",
      "clean": "find ./dist -maxdepth 1 -not -name 'project.config.json' -not -name 'dist' | xargs rm -rf",
      "test": "echo \"Error: no test specified\" && exit 1"
    },
    "wepy": {
      "module-a": false,
      "./src/components/list": "./src/components/wepy-list.wpy"
    },
    "author": "NiXiaoLei <634926049@qq.com>",
    "license": "MIT",
    "dependencies": {
      "flyio": "^0.6.1",
      "node-sass": "^4.9.3",
      "redux": "^3.7.2",
      "redux-actions": "^2.2.1",
      "redux-promise": "^0.5.3",
      "sass-loader": "^7.1.0",
      "wepy": "^1.6.0",
      "wepy-async-function": "^1.4.6",
      "wepy-com-toast": "^1.0.2",
      "wepy-redux": "^1.5.3"
    },
    "devDependencies": {
      "babel-eslint": "^7.2.1",
      "babel-plugin-transform-class-properties": "^6.24.1",
      "babel-plugin-transform-decorators-legacy": "^1.3.4",
      "babel-plugin-transform-export-extensions": "^6.22.0",
      "babel-plugin-transform-object-rest-spread": "^6.26.0",
      "babel-preset-env": "^1.6.1",
      "cross-env": "^5.1.3",
      "eslint": "^3.18.0",
      "eslint-config-standard": "^7.1.0",
      "eslint-friendly-formatter": "^2.0.7",
      "eslint-plugin-html": "^2.0.1",
      "eslint-plugin-promise": "^3.5.0",
      "eslint-plugin-standard": "^2.0.1",
      "wepy-compiler-babel": "^1.5.1",
      "wepy-compiler-less": "^1.3.10",
      "wepy-compiler-sass": "^1.3.12",
      "wepy-eslint": "^1.5.3"
    }
  }

yarn manifest: 
  No manifest

Lockfile: 
  No lockfile
